Drill report for rootry-v2.kicad_pcb
Created on 2026-06-23T13:08:49+0530

Copper Layer Stackup:
    =============================================================
    L1 :  F.Cu                      front
    L2 :  B.Cu                      back


Drill file 'rootry-v2.drl' contains
    plated through holes:
    =============================================================
    T1  0.200mm  0.0079"  (12 holes)
    T2  0.750mm  0.0295"  (3 holes)
    T3  0.800mm  0.0315"  (36 holes)
    T4  0.900mm  0.0354"  (2 holes)
    T5  1.000mm  0.0394"  (24 holes)
    T6  1.100mm  0.0433"  (12 holes)
    T7  1.300mm  0.0512"  (4 holes)

    Total plated holes count 93


Not plated through holes are merged with plated holes
    unplated through holes:
    =============================================================

    Total unplated holes count 0
